#
# There is insufficient memory for the Java Runtime Environment to continue.
# Native memory allocation (mmap) failed to map 268435456 bytes for Failed to commit area from 0x0000000701e00000 to 0x0000000711e00000 of length 268435456.
# Possible reasons:
#   The system is out of physical RAM or swap space
#   The process is running with CompressedOops enabled, and the Java Heap may be blocking the growth of the native heap
# Possible solutions:
#   Reduce memory load on the system
#   Increase physical memory or swap space
#   Check if swap backing store is full
#   Decrease Java heap size (-Xmx/-Xms)
#   Decrease number of Java threads
#   Decrease Java thread stack sizes (-Xss)
#   Set larger code cache with -XX:ReservedCodeCacheSize=
#   JVM is running with Zero Based Compressed Oops mode in which the Java heap is
#     placed in the first 32GB address space. The Java Heap base address is the
#     maximum limit for the native heap growth. Please use -XX:HeapBaseMinAddress
#     to set the Java Heap base and to place the Java Heap above 32GB virtual address.
# This output file may be truncated or incomplete.
#
#  Out of Memory Error (./open/src/hotspot/os/windows/os_windows.cpp:3315), pid=6312, tid=1440
#
# JRE version:  (14.0.1+7) (build )
# Java VM: Java HotSpot(TM) 64-Bit Server VM (14.0.1+7, mixed mode, sharing, tiered, compressed oops, g1 gc, windows-amd64)
# No core dump will be written. Minidumps are not enabled by default on client versions of Windows
#

---------------  S U M M A R Y ------------

Command Line: -Dfile.encoding=UTF-8 -XX:+ShowCodeDetailsInExceptionMessages javangman.Javangman

Host: Intel(R) Core(TM) i7-3770K CPU @ 3.50GHz, 8 cores, 15G,  Windows 10 , 64 bit Build 19041 (10.0.19041.546)
Time: Sun Nov 15 19:32:59 2020 Hora estándar romance elapsed time: 0 seconds (0d 0h 0m 0s)

---------------  T H R E A D  ---------------

Current thread (0x0000019498079000):  JavaThread "Unknown thread" [_thread_in_vm, id=1440, stack(0x0000004cd0d00000,0x0000004cd0e00000)]

Stack: [0x0000004cd0d00000,0x0000004cd0e00000]
Native frames: (J=compiled Java code, j=interpreted, Vv=VM code, C=native code)
V  [jvm.dll+0x5f840a]
V  [jvm.dll+0x741e4a]
V  [jvm.dll+0x7435ff]
V  [jvm.dll+0x743c43]
V  [jvm.dll+0x20d288]
V  [jvm.dll+0x5f57ba]
V  [jvm.dll+0x5ea615]
V  [jvm.dll+0x2c7e9c]
V  [jvm.dll+0x2c7cd2]
V  [jvm.dll+0x2cdbbc]
V  [jvm.dll+0x313ff8]
V  [jvm.dll+0x313720]
V  [jvm.dll+0x2a092a]
V  [jvm.dll+0x2a1a79]
V  [jvm.dll+0x71f718]
V  [jvm.dll+0x321c44]
V  [jvm.dll+0x700b0c]
V  [jvm.dll+0x392dff]
V  [jvm.dll+0x394e71]
C  [jli.dll+0x523b]
C  [ucrtbase.dll+0x214c2]
C  [KERNEL32.DLL+0x17034]
C  [ntdll.dll+0x4cec1]


---------------  P R O C E S S  ---------------

Threads class SMR info:
_java_thread_list=0x00007fff54b23078, length=0, elements={
}

Java Threads: ( => current thread )

Other Threads:
  0x00000194980e1800 GCTaskThread "GC Thread#0" [stack: 0x0000004cd0e00000,0x0000004cd0f00000] [id=25004]
  0x0000019498104800 ConcurrentGCThread "G1 Main Marker" [stack: 0x0000004cd0f00000,0x0000004cd1000000] [id=24080]
  0x0000019498106800 ConcurrentGCThread "G1 Conc#0" [stack: 0x0000004cd1000000,0x0000004cd1100000] [id=9372]

[error occurred during error reporting (printing all threads), id 0xc0000005, EXCEPTION_ACCESS_VIOLATION (0xc0000005) at pc=0x00007fff54351257]

VM state:not at safepoint (not fully initialized)

VM Mutex/Monitor currently owned by a thread:  ([mutex/lock_event])
[0x0000019498076e80] Heap_lock - owner thread: 0x0000019498079000

Heap address: 0x0000000701e00000, size: 4066 MB, Compressed Oops mode: Zero based, Oop shift amount: 3
Narrow klass base: 0x0000000000000000, Narrow klass shift: 0

GC Heap History (0 events):
No events

Deoptimization events (0 events):
No events

Classes unloaded (0 events):
No events

Classes redefined (0 events):
No events

Internal exceptions (0 events):
No events

Events (2 events):
Event: 0.007 Loaded shared library C:\Program Files\Java\jdk-14.0.1\bin\java.dll
Event: 0.007 Loaded shared library C:\Program Files\Java\jdk-14.0.1\bin\zip.dll


Dynamic libraries:
0x00007ff637440000 - 0x00007ff63744f000 	C:\Program Files\Java\jdk-14.0.1\bin\javaw.exe
0x00007fffee650000 - 0x00007fffee846000 	C:\WINDOWS\SYSTEM32\ntdll.dll
0x00007fffedf40000 - 0x00007fffedffd000 	C:\WINDOWS\System32\KERNEL32.DLL
0x00007fffec170000 - 0x00007fffec438000 	C:\WINDOWS\System32\KERNELBASE.dll
0x00007fffebde0000 - 0x00007fffebee0000 	C:\WINDOWS\System32\ucrtbase.dll
0x00007fffc5fe0000 - 0x00007fffc5ff5000 	C:\Program Files\Java\jdk-14.0.1\bin\VCRUNTIME140.dll
0x00007fffc3190000 - 0x00007fffc31a8000 	C:\Program Files\Java\jdk-14.0.1\bin\jli.dll
0x00007fffede90000 - 0x00007fffedf3c000 	C:\WINDOWS\System32\ADVAPI32.dll
0x00007fffecad0000 - 0x00007fffecb6e000 	C:\WINDOWS\System32\msvcrt.dll
0x00007fffee000000 - 0x00007fffee09b000 	C:\WINDOWS\System32\sechost.dll
0x00007fffee2d0000 - 0x00007fffee3f4000 	C:\WINDOWS\System32\RPCRT4.dll
0x00007fffecc10000 - 0x00007fffecdb0000 	C:\WINDOWS\System32\USER32.dll
0x00007fffd4920000 - 0x00007fffd4bbb000 	C:\WINDOWS\WinSxS\amd64_microsoft.windows.common-controls_6595b64144ccf1df_6.0.19041.488_none_ca04af081b815d21\COMCTL32.dll
0x00007fffec680000 - 0x00007fffec6a2000 	C:\WINDOWS\System32\win32u.dll
0x00007fffee220000 - 0x00007fffee24a000 	C:\WINDOWS\System32\GDI32.dll
0x00007fffebfe0000 - 0x00007fffec0e9000 	C:\WINDOWS\System32\gdi32full.dll
0x00007fffebee0000 - 0x00007fffebf7d000 	C:\WINDOWS\System32\msvcp_win.dll
0x00007fffe1d90000 - 0x00007fffe1d9a000 	C:\WINDOWS\SYSTEM32\VERSION.dll
0x00007fffecbd0000 - 0x00007fffecc00000 	C:\WINDOWS\System32\IMM32.DLL
0x00007fff97cf0000 - 0x00007fff97d8b000 	C:\Program Files\Java\jdk-14.0.1\bin\msvcp140.dll
0x00007fff540a0000 - 0x00007fff54bbe000 	C:\Program Files\Java\jdk-14.0.1\bin\server\jvm.dll
0x00007fffeca10000 - 0x00007fffeca18000 	C:\WINDOWS\System32\PSAPI.DLL
0x00007fffc8980000 - 0x00007fffc8989000 	C:\WINDOWS\SYSTEM32\WSOCK32.dll
0x00007fffd97a0000 - 0x00007fffd97c7000 	C:\WINDOWS\SYSTEM32\WINMM.dll
0x00007fffee1b0000 - 0x00007fffee21b000 	C:\WINDOWS\System32\WS2_32.dll
0x00007fffea650000 - 0x00007fffea662000 	C:\WINDOWS\SYSTEM32\kernel.appcore.dll
0x00007fffe6540000 - 0x00007fffe654a000 	C:\Program Files\Java\jdk-14.0.1\bin\jimage.dll
0x00007fffd5810000 - 0x00007fffd59f4000 	C:\WINDOWS\SYSTEM32\DBGHELP.DLL
0x00007fffd5600000 - 0x00007fffd562c000 	C:\WINDOWS\SYSTEM32\dbgcore.DLL
0x00007fffec0f0000 - 0x00007fffec16f000 	C:\WINDOWS\System32\bcryptPrimitives.dll
0x00007fffac200000 - 0x00007fffac225000 	C:\Program Files\Java\jdk-14.0.1\bin\java.dll
0x00007fffc0250000 - 0x00007fffc0266000 	C:\Program Files\Java\jdk-14.0.1\bin\zip.dll

dbghelp: loaded successfully - version: 4.0.5 - missing functions: none
symbol engine: initialized successfully - sym options: 0x614 - pdb path: .;C:\Program Files\Java\jdk-14.0.1\bin;C:\WINDOWS\SYSTEM32;C:\WINDOWS\WinSxS\amd64_microsoft.windows.common-controls_6595b64144ccf1df_6.0.19041.488_none_ca04af081b815d21;C:\Program Files\Java\jdk-14.0.1\bin\server

VM Arguments:
jvm_args: -Dfile.encoding=UTF-8 -XX:+ShowCodeDetailsInExceptionMessages 
java_command: javangman.Javangman
java_class_path (initial): E:\Users\TomasG\Documents\GitHub\Repositorios\Javangman\bin
Launcher Type: SUN_STANDARD

[Global flags]
     intx CICompilerCount                          = 4                                         {product} {ergonomic}
     uint ConcGCThreads                            = 2                                         {product} {ergonomic}
     uint G1ConcRefinementThreads                  = 8                                         {product} {ergonomic}
   size_t G1HeapRegionSize                         = 1048576                                   {product} {ergonomic}
    uintx GCDrainStackTargetSize                   = 64                                        {product} {ergonomic}
   size_t InitialHeapSize                          = 268435456                                 {product} {ergonomic}
   size_t MarkStackSize                            = 4194304                                   {product} {ergonomic}
   size_t MaxHeapSize                              = 4263510016                                {product} {ergonomic}
   size_t MinHeapDeltaBytes                        = 1048576                                   {product} {ergonomic}
   size_t MinHeapSize                              = 8388608                                   {product} {ergonomic}
    uintx NonNMethodCodeHeapSize                   = 5839372                                {pd product} {ergonomic}
    uintx NonProfiledCodeHeapSize                  = 122909434                              {pd product} {ergonomic}
    uintx ProfiledCodeHeapSize                     = 122909434                              {pd product} {ergonomic}
    uintx ReservedCodeCacheSize                    = 251658240                              {pd product} {ergonomic}
     bool SegmentedCodeCache                       = true                                      {product} {ergonomic}
     bool ShowCodeDetailsInExceptionMessages       = true                                   {manageable} {command line}
   size_t SoftMaxHeapSize                          = 4263510016                             {manageable} {ergonomic}
     bool UseCompressedClassPointers               = true                                 {lp64_product} {ergonomic}
     bool UseCompressedOops                        = true                                 {lp64_product} {ergonomic}
     bool UseG1GC                                  = true                                      {product} {ergonomic}
     bool UseLargePagesIndividualAllocation        = false                                  {pd product} {ergonomic}

Logging:
Log output configuration:
 #0: stdout all=warning uptime,level,tags
 #1: stderr all=off uptime,level,tags

Environment Variables:
PATH=C:/Program Files/Java/jdk-14.0.1/bin/server;C:/Program Files/Java/jdk-14.0.1/bin;c:\program files (x86)\common files\intel\shared libraries\redist\intel64\compiler;f:\oculus\support\oculus-runtime;c:\program files (x86)\common files\oracle\java\javapath;c:\programdata\oracle\java\javapath;c:\program files (x86)\intel\icls client\;c:\program files\intel\icls client\;c:\windows\system32;c:\windows;c:\windows\system32\wbem;c:\windows\system32\windowspowershell\v1.0\;c:\program files\intel\intel(r) management engine components\dal;c:\program files\intel\intel(r) management engine components\ipt;c:\program files (x86)\intel\intel(r) management engine components\dal;c:\program files (x86)\intel\intel(r) management engine components\ipt;c:\program files (x86)\gtksharp\2.12\bin;f:\program files (x86)\quicktime\qtsystem\;c:\program files (x86)\skype\phone\;c:\program files\autofirma\autofirma;c:\windows\system32\openssh\;C:\WINDOWS\system32;C:\WINDOWS;C:\WINDOWS\System32\Wbem;C:\WINDOWS\System32\WindowsPowerShell\v1.0\;C:\WINDOWS\System32\OpenSSH\;C:\Program Files\NVIDIA Corporation\NVIDIA NvDLISR;F:\Program Files\Git\cmd;"C:\windows;c:\windows\system32;c:\windows\system32\wbem";F:\Program Files (x86)\Gpg4win\..\GnuPG\bin;E:\Users\TomasG\AppData\Local\Microsoft\WindowsApps;;D:\Program Files\Microsoft VS Code\bin;C:\WINDOWS\System32;
USERNAME=TomasG
OS=Windows_NT
PROCESSOR_IDENTIFIER=Intel64 Family 6 Model 58 Stepping 9, GenuineIntel



---------------  S Y S T E M  ---------------

OS: Windows 10 , 64 bit Build 19041 (10.0.19041.546)
OS uptime: 0 days 14:10 hours
HyperV virtualization detected

CPU:total 8 (initial active 8) (4 cores per cpu, 2 threads per core) family 6 model 58 stepping 9, cmov, cx8, fxsr, mmx, sse, sse2, sse3, ssse3, sse4.1, sse4.2, popcnt, avx, aes, clmul, erms, ht, tsc, tscinvbit, tscinv

Memory: 4k page, system-wide physical 16258M (7632M free)
TotalPageFile size 31618M (AvailPageFile size 202M)
current process WorkingSet (physical memory assigned to process): 10M, peak: 10M
current process commit charge ("private bytes"): 61M, peak: 316M

vm_info: Java HotSpot(TM) 64-Bit Server VM (14.0.1+7) for windows-amd64 JRE (14.0.1+7), built on Mar  5 2020 10:30:14 by "mach5one" with MS VC++ 15.9 (VS2017)

END.
